[debug] [2024-07-26T19:00:15.074Z] ----------------------------------------------------------------------
[debug] [2024-07-26T19:00:15.076Z] Command:       /opt/homebrew/Cellar/node/22.5.1/bin/node /opt/homebrew/bin/firebase login
[debug] [2024-07-26T19:00:15.076Z] CLI Version:   13.14.2
[debug] [2024-07-26T19:00:15.076Z] Platform:      darwin
[debug] [2024-07-26T19:00:15.076Z] Node Version:  v22.5.1
[debug] [2024-07-26T19:00:15.077Z] Time:          Fri Jul 26 2024 14:00:15 GMT-0500 (Central Daylight Time)
[debug] [2024-07-26T19:00:15.077Z] ----------------------------------------------------------------------
[debug] 
[debug] [2024-07-26T19:00:15.078Z] >>> [apiv2][query] GET https://firebase-public.firebaseio.com/cli.json [none]
[info] i  Firebase optionally collects CLI and Emulator Suite usage and error reporting information to help improve our products. Data is collected in accordance with Google's privacy policy (https://policies.google.com/privacy) and is not used to identify you.
 
[debug] [2024-07-26T19:00:15.188Z] <<< [apiv2][status] GET https://firebase-public.firebaseio.com/cli.json 200
[debug] [2024-07-26T19:00:15.188Z] <<< [apiv2][body] GET https://firebase-public.firebaseio.com/cli.json {"cloudBuildErrorAfter":1594252800000,"cloudBuildWarnAfter":1590019200000,"defaultNode10After":1594252800000,"minVersion":"3.0.5","node8DeploysDisabledAfter":1613390400000,"node8RuntimeDisabledAfter":1615809600000,"node8WarnAfter":1600128000000}
[warn] ⚠  Unable to fetch the CLI MOTD and remote config. This is not a fatal error, but may indicate an issue with your network connection. 
[debug] [2024-07-26T19:00:15.189Z] Failed to fetch MOTD Error: EACCES: permission denied, mkdir '/Users/sammy/.config/configstore'
You don't have access to this file.

[debug] [2024-07-26T19:00:20.139Z] Error: EACCES: permission denied, mkdir '/Users/sammy/.config/configstore'
You don't have access to this file.

    at Object.mkdirSync (node:fs:1362:26)
    at module.exports.sync (/opt/homebrew/lib/node_modules/firebase-tools/node_modules/make-dir/index.js:114:6)
    at set all (/opt/homebrew/lib/node_modules/firebase-tools/node_modules/configstore/index.js:59:12)
    at Configstore.set (/opt/homebrew/lib/node_modules/firebase-tools/node_modules/configstore/index.js:91:12)
    at Command.actionFn (/opt/homebrew/lib/node_modules/firebase-tools/lib/commands/login.js:36:35)
    at process.processTicksAndRejections (node:internal/process/task_queues:95:5)
[error] 
[error] Error: An unexpected error has occurred.
[debug] [2024-07-26T19:00:20.407Z] Error: EACCES: permission denied, mkdir '/Users/sammy/.config/configstore'
You don't have access to this file.

    at Object.mkdirSync (node:fs:1362:26)
    at module.exports.sync (/opt/homebrew/lib/node_modules/firebase-tools/node_modules/make-dir/index.js:114:6)
    at set all (/opt/homebrew/lib/node_modules/firebase-tools/node_modules/configstore/index.js:59:12)
    at Configstore.set (/opt/homebrew/lib/node_modules/firebase-tools/node_modules/configstore/index.js:91:12)
    at process.<anonymous> (/opt/homebrew/lib/node_modules/firebase-tools/lib/bin/firebase.js:102:35)
    at process.emit (node:events:532:35)
    at process.emit (node:domain:488:12)
    at process.exit (node:internal/process/per_thread:183:15)
    at Timeout._onTimeout (/opt/homebrew/lib/node_modules/firebase-tools/lib/errorOut.js:20:17)
    at listOnTimeout (node:internal/timers:581:17)
[error] 
[error] Error: An unexpected error has occurred.
[debug] [2024-07-26T19:00:44.896Z] ----------------------------------------------------------------------
[debug] [2024-07-26T19:00:44.898Z] Command:       /opt/homebrew/Cellar/node/22.5.1/bin/node /opt/homebrew/bin/firebase login
[debug] [2024-07-26T19:00:44.898Z] CLI Version:   13.14.2
[debug] [2024-07-26T19:00:44.898Z] Platform:      darwin
[debug] [2024-07-26T19:00:44.898Z] Node Version:  v22.5.1
[debug] [2024-07-26T19:00:44.898Z] Time:          Fri Jul 26 2024 14:00:44 GMT-0500 (Central Daylight Time)
[debug] [2024-07-26T19:00:44.899Z] ----------------------------------------------------------------------
[debug] 
[debug] [2024-07-26T19:00:44.900Z] >>> [apiv2][query] GET https://firebase-public.firebaseio.com/cli.json [none]
[info] i  Firebase optionally collects CLI and Emulator Suite usage and error reporting information to help improve our products. Data is collected in accordance with Google's privacy policy (https://policies.google.com/privacy) and is not used to identify you.
 
[debug] [2024-07-26T19:00:44.990Z] <<< [apiv2][status] GET https://firebase-public.firebaseio.com/cli.json 200
[debug] [2024-07-26T19:00:44.990Z] <<< [apiv2][body] GET https://firebase-public.firebaseio.com/cli.json {"cloudBuildErrorAfter":1594252800000,"cloudBuildWarnAfter":1590019200000,"defaultNode10After":1594252800000,"minVersion":"3.0.5","node8DeploysDisabledAfter":1613390400000,"node8RuntimeDisabledAfter":1615809600000,"node8WarnAfter":1600128000000}
[info] i  To change your data collection preference at any time, run `firebase logout` and log in again. 
[info] 
[info] Visit this URL on this device to log in:
[info] https://accounts.google.com/o/oauth2/auth?client_id=563584335869-fgrhgmd47bqnekij5i8b5pr03ho849e6.apps.googleusercontent.com&scope=email%20openid%20https%3A%2F%2Fwww.googleapis.com%2Fauth%2Fcloudplatformprojects.readonly%20https%3A%2F%2Fwww.googleapis.com%2Fauth%2Ffirebase%20https%3A%2F%2Fwww.googleapis.com%2Fauth%2Fcloud-platform&response_type=code&state=672079428&redirect_uri=http%3A%2F%2Flocalhost%3A9005
[info] 
[info] Waiting for authentication...
